2024-12-27 10:53:44 [INFO] Script iniciado.
2024-12-27 10:53:44 [INFO] Dimensões e posição da janela: 1x1+0+0
2024-12-27 10:53:49 [INFO] Dimensões e posição da janela: 436x275+78+78
2024-12-27 10:53:51 [INFO] Pedidos extraídos: ['6872522', '6872506', '6872436', '6872301', '6872299', '6872293', '6872289', '6872272', '6872266', '6872232']
2024-12-27 10:53:52 [INFO] Arquivos gerados com sucesso.
2024-12-27 10:53:54 [INFO] Dimensões e posição da janela: 436x275+78+78
2024-12-27 10:53:57 [INFO] Pedidos impressos: ['6872522', '6872506', '6872436', '6872301', '6872299', '6872293', '6872289', '6872272', '6872266', '6872232']
2024-12-27 10:53:57 [INFO] Diretórios limpos com sucesso.
2024-12-27 11:12:22 [INFO] Script iniciado.
2024-12-27 11:12:48 [INFO] Script iniciado.
2024-12-27 11:12:56 [INFO] Pedidos extraídos: ['6872665', '6872641', '6872610', '6872592', '6872564', '6872542', '6872522', '6872506', '6872436', '6872301']
2024-12-27 11:12:57 [INFO] Arquivos gerados com sucesso.
2024-12-27 11:13:01 [INFO] Pedidos impressos: ['6872665', '6872641', '6872610', '6872592', '6872564', '6872542', '6872522', '6872506', '6872436', '6872301']
2024-12-27 11:13:01 [INFO] Diretórios limpos com sucesso.
2024-12-27 11:57:09 [INFO] Script iniciado.
2024-12-27 11:57:14 [INFO] Pedidos extraídos: ['6873371', '6873351', '6873255', '6873213', '6873172', '6873144', '6873107', '6873105', '6872965', '6872945', '6872916', '6872897', '6872875', '6872842', '6872813', '6872803', '6872758', '6872665', '6872641', '6872610']
2024-12-27 11:57:17 [INFO] Arquivos gerados com sucesso.
2024-12-27 12:24:27 [INFO] Script iniciado.
2024-12-27 12:24:32 [INFO] Pedidos extraídos: ['6873591', '6873460', '6873406', '6873371', '6873351']
2024-12-27 12:24:33 [INFO] Arquivos gerados com sucesso.
2024-12-27 12:25:09 [INFO] Pedidos impressos: ['6873591', '6873460', '6873406', '6873371', '6873351']
2024-12-27 12:25:09 [INFO] Diretórios limpos com sucesso.
2024-12-27 12:25:45 [INFO] Script iniciado.
2024-12-27 12:25:52 [INFO] Pedidos extraídos: ['6873591', '6873460']
2024-12-27 12:25:52 [INFO] Arquivos gerados com sucesso.
2024-12-27 12:26:39 [INFO] Pedidos impressos: ['6873591', '6873460']
2024-12-27 12:26:39 [INFO] Diretórios limpos com sucesso.
2024-12-27 12:31:56 [INFO] Script iniciado.
2024-12-27 12:32:05 [INFO] Pedidos extraídos: ['6873730', '6873710']
2024-12-27 12:32:06 [INFO] Arquivos gerados com sucesso.
